<?xml version="1.0" encoding="UTF-8"?>
<!-- Generated by org.testng.reporters.JUnitReportReporter -->
<testsuite hostname="IRODCDEC" failures="0" tests="4" name="com.vimalselvam.graphql.TestClass" time="1.895" errors="0" timestamp="20 Oct 2019 19:25:39 GMT">
  <testcase classname="com.vimalselvam.graphql.TestClass" name="testGraphqlFirstNWithFileAndVariables" time="1.215"/>
  <testcase classname="com.vimalselvam.graphql.TestClass" name="testGraphqlWithInputStream" time="0.220"/>
  <testcase classname="com.vimalselvam.graphql.TestClass" name="testGraphqlWithNoVariables" time="0.228"/>
  <testcase classname="com.vimalselvam.graphql.TestClass" name="testGraphqlWithFileAndVariables" time="0.232"/>
</testsuite> <!-- com.vimalselvam.graphql.TestClass -->
